2015-05-21 13:43:15,144 [DEBUG][main      ][protocols.modbus.rtu.master.ModbusMaster] - Modbus master initialize.
2015-05-21 13:43:15,157 [DEBUG][main      ][protocols.modbus.rtu.master.ModbusMaster] - ModbusSlave add: null:slave1_1
2015-05-21 13:43:15,157 [DEBUG][main      ][protocols.modbus.rtu.master.ModbusMaster] - ModbusSlave add: null:slave1_2
2015-05-21 13:43:37,262 [DEBUG][main      ][protocols.modbus.rtu.master.ModbusMaster] - Modbus master initialize.
2015-05-21 13:43:37,273 [DEBUG][main      ][protocols.modbus.rtu.master.ModbusMaster] - ModbusSlave add: modbus_in:slave1_1
2015-05-21 13:43:37,273 [DEBUG][main      ][protocols.modbus.rtu.master.ModbusMaster] - ModbusSlave add: modbus_in:slave1_2
2015-05-21 13:45:35,885 [DEBUG][main      ][protocols.modbus.rtu.master.ModbusMaster] - Modbus master initialize.
2015-05-21 13:45:35,898 [DEBUG][main      ][protocols.modbus.rtu.master.ModbusMaster] - ModbusSlave add: modbus_in:slave1_1
2015-05-21 13:45:35,898 [DEBUG][main      ][protocols.modbus.rtu.master.ModbusMaster] - ModbusSlave add: modbus_in:slave1_2
2015-05-21 13:45:36,214 [DEBUG][Thread-0  ][protocols.modbus.rtu.master.ModbusMaster] - ModbusMaster "modbus_in" open Com-port connection
2015-05-21 13:47:50,180 [DEBUG][main      ][protocols.modbus.rtu.master.ModbusMaster] - Modbus master initialize.
2015-05-21 13:47:50,193 [DEBUG][main      ][protocols.modbus.rtu.master.ModbusMaster] - ModbusSlave add: modbus_in:slave1_1
2015-05-21 13:47:50,193 [DEBUG][main      ][protocols.modbus.rtu.master.ModbusMaster] - ModbusSlave add: modbus_in:slave1_2
2015-05-21 13:47:50,476 [INFO ][Thread-0  ][protocols.modbus.rtu.master.ModbusMaster] - ModbusMaster "modbus_in" open Com-port connection
2015-05-21 14:02:46,643 [DEBUG][main      ][protocols.modbus.rtu.master.ModbusMaster] - Modbus master initialize.
2015-05-21 14:02:46,654 [DEBUG][main      ][protocols.modbus.rtu.master.ModbusMaster] - ModbusSlave add: modbus_in:slave1_1
2015-05-21 14:02:46,654 [DEBUG][main      ][protocols.modbus.rtu.master.ModbusMaster] - ModbusSlave add: modbus_in:slave1_2
2015-05-21 14:02:46,938 [INFO ][Thread-0  ][protocols.modbus.rtu.master.ModbusMaster] - ModbusMaster "modbus_in" open Com-port connection
2015-05-21 14:02:46,938 [INFO ][Thread-0  ][tocols.modbus.rtu.master.ModbusSlaveRead] - ModbusSlaveRead "modbus_in:slave1_1" sending request
2015-05-21 14:02:47,176 [INFO ][Thread-0  ][tocols.modbus.rtu.master.ModbusSlaveRead] - ModbusSlaveRead "modbus_in:slave1_2" sending request
2015-05-21 14:02:47,336 [INFO ][Thread-0  ][tocols.modbus.rtu.master.ModbusSlaveRead] - ModbusSlaveRead "modbus_in:slave1_1" sending request
2015-05-21 14:02:47,467 [INFO ][Thread-0  ][tocols.modbus.rtu.master.ModbusSlaveRead] - ModbusSlaveRead "modbus_in:slave1_2" sending request
2015-05-21 14:02:47,596 [INFO ][Thread-0  ][tocols.modbus.rtu.master.ModbusSlaveRead] - ModbusSlaveRead "modbus_in:slave1_1" sending request
2015-05-21 14:02:47,723 [INFO ][Thread-0  ][tocols.modbus.rtu.master.ModbusSlaveRead] - ModbusSlaveRead "modbus_in:slave1_2" sending request
2015-05-21 14:02:47,852 [INFO ][Thread-0  ][tocols.modbus.rtu.master.ModbusSlaveRead] - ModbusSlaveRead "modbus_in:slave1_1" sending request
2015-05-21 14:02:47,979 [INFO ][Thread-0  ][tocols.modbus.rtu.master.ModbusSlaveRead] - ModbusSlaveRead "modbus_in:slave1_2" sending request
2015-05-21 14:02:48,108 [INFO ][Thread-0  ][tocols.modbus.rtu.master.ModbusSlaveRead] - ModbusSlaveRead "modbus_in:slave1_1" sending request
2015-05-21 14:02:48,235 [INFO ][Thread-0  ][tocols.modbus.rtu.master.ModbusSlaveRead] - ModbusSlaveRead "modbus_in:slave1_2" sending request
2015-05-21 14:02:48,364 [INFO ][Thread-0  ][tocols.modbus.rtu.master.ModbusSlaveRead] - ModbusSlaveRead "modbus_in:slave1_1" sending request
2015-05-21 14:02:48,491 [INFO ][Thread-0  ][tocols.modbus.rtu.master.ModbusSlaveRead] - ModbusSlaveRead "modbus_in:slave1_2" sending request
2015-05-21 14:02:48,620 [INFO ][Thread-0  ][tocols.modbus.rtu.master.ModbusSlaveRead] - ModbusSlaveRead "modbus_in:slave1_1" sending request
2015-05-21 14:02:48,748 [INFO ][Thread-0  ][tocols.modbus.rtu.master.ModbusSlaveRead] - ModbusSlaveRead "modbus_in:slave1_2" sending request
2015-05-21 14:02:48,877 [INFO ][Thread-0  ][tocols.modbus.rtu.master.ModbusSlaveRead] - ModbusSlaveRead "modbus_in:slave1_1" sending request
2015-05-21 14:02:49,004 [INFO ][Thread-0  ][tocols.modbus.rtu.master.ModbusSlaveRead] - ModbusSlaveRead "modbus_in:slave1_2" sending request
2015-05-21 14:02:49,133 [INFO ][Thread-0  ][tocols.modbus.rtu.master.ModbusSlaveRead] - ModbusSlaveRead "modbus_in:slave1_1" sending request
2015-05-21 14:02:49,260 [INFO ][Thread-0  ][tocols.modbus.rtu.master.ModbusSlaveRead] - ModbusSlaveRead "modbus_in:slave1_2" sending request
2015-05-21 14:02:49,390 [INFO ][Thread-0  ][tocols.modbus.rtu.master.ModbusSlaveRead] - ModbusSlaveRead "modbus_in:slave1_1" sending request
2015-05-21 14:02:49,516 [INFO ][Thread-0  ][tocols.modbus.rtu.master.ModbusSlaveRead] - ModbusSlaveRead "modbus_in:slave1_2" sending request
2015-05-21 14:02:49,645 [INFO ][Thread-0  ][tocols.modbus.rtu.master.ModbusSlaveRead] - ModbusSlaveRead "modbus_in:slave1_1" sending request
2015-05-21 14:02:49,772 [INFO ][Thread-0  ][tocols.modbus.rtu.master.ModbusSlaveRead] - ModbusSlaveRead "modbus_in:slave1_2" sending request
2015-05-21 14:02:49,901 [INFO ][Thread-0  ][tocols.modbus.rtu.master.ModbusSlaveRead] - ModbusSlaveRead "modbus_in:slave1_1" sending request
2015-05-21 14:02:50,029 [INFO ][Thread-0  ][tocols.modbus.rtu.master.ModbusSlaveRead] - ModbusSlaveRead "modbus_in:slave1_2" sending request
2015-05-21 14:02:50,158 [INFO ][Thread-0  ][tocols.modbus.rtu.master.ModbusSlaveRead] - ModbusSlaveRead "modbus_in:slave1_1" sending request
2015-05-21 14:02:50,284 [INFO ][Thread-0  ][tocols.modbus.rtu.master.ModbusSlaveRead] - ModbusSlaveRead "modbus_in:slave1_2" sending request
2015-05-21 14:02:50,413 [INFO ][Thread-0  ][tocols.modbus.rtu.master.ModbusSlaveRead] - ModbusSlaveRead "modbus_in:slave1_1" sending request
2015-05-21 14:02:50,540 [INFO ][Thread-0  ][tocols.modbus.rtu.master.ModbusSlaveRead] - ModbusSlaveRead "modbus_in:slave1_2" sending request
2015-05-21 14:02:50,670 [INFO ][Thread-0  ][tocols.modbus.rtu.master.ModbusSlaveRead] - ModbusSlaveRead "modbus_in:slave1_1" sending request
2015-05-21 14:02:50,797 [INFO ][Thread-0  ][tocols.modbus.rtu.master.ModbusSlaveRead] - ModbusSlaveRead "modbus_in:slave1_2" sending request
2015-05-21 14:02:50,926 [INFO ][Thread-0  ][tocols.modbus.rtu.master.ModbusSlaveRead] - ModbusSlaveRead "modbus_in:slave1_1" sending request
2015-05-21 14:02:51,054 [INFO ][Thread-0  ][tocols.modbus.rtu.master.ModbusSlaveRead] - ModbusSlaveRead "modbus_in:slave1_2" sending request
2015-05-21 14:02:51,182 [INFO ][Thread-0  ][tocols.modbus.rtu.master.ModbusSlaveRead] - ModbusSlaveRead "modbus_in:slave1_1" sending request
2015-05-21 14:02:51,307 [INFO ][Thread-0  ][tocols.modbus.rtu.master.ModbusSlaveRead] - ModbusSlaveRead "modbus_in:slave1_2" sending request
2015-05-21 14:04:35,972 [DEBUG][main      ][protocols.modbus.rtu.master.ModbusMaster] - Modbus master initialize.
2015-05-21 14:04:36,003 [DEBUG][main      ][protocols.modbus.rtu.master.ModbusMaster] - ModbusSlave add: modbus_in:slave1_1
2015-05-21 14:04:36,004 [DEBUG][main      ][protocols.modbus.rtu.master.ModbusMaster] - ModbusSlave add: modbus_in:slave1_2
2015-05-21 14:04:36,368 [INFO ][Thread-0  ][protocols.modbus.rtu.master.ModbusMaster] - ModbusMaster "modbus_in" open Com-port connection
2015-05-21 14:04:36,368 [INFO ][Thread-0  ][tocols.modbus.rtu.master.ModbusSlaveRead] - ModbusSlaveRead "modbus_in:slave1_1" sending request
2015-05-21 14:04:36,612 [INFO ][Thread-0  ][tocols.modbus.rtu.master.ModbusSlaveRead] - ModbusSlaveRead "modbus_in:slave1_2" sending request
2015-05-21 14:04:36,742 [INFO ][Thread-0  ][tocols.modbus.rtu.master.ModbusSlaveRead] - ModbusSlaveRead "modbus_in:slave1_1" sending request
2015-05-21 14:04:36,869 [INFO ][Thread-0  ][tocols.modbus.rtu.master.ModbusSlaveRead] - ModbusSlaveRead "modbus_in:slave1_2" sending request
2015-05-21 14:04:37,002 [INFO ][Thread-0  ][tocols.modbus.rtu.master.ModbusSlaveRead] - ModbusSlaveRead "modbus_in:slave1_1" sending request
2015-05-21 14:04:37,147 [INFO ][Thread-0  ][tocols.modbus.rtu.master.ModbusSlaveRead] - ModbusSlaveRead "modbus_in:slave1_2" sending request
2015-05-21 14:04:37,277 [INFO ][Thread-0  ][tocols.modbus.rtu.master.ModbusSlaveRead] - ModbusSlaveRead "modbus_in:slave1_1" sending request
2015-05-21 14:04:37,407 [INFO ][Thread-0  ][tocols.modbus.rtu.master.ModbusSlaveRead] - ModbusSlaveRead "modbus_in:slave1_2" sending request
2015-05-21 14:04:37,537 [INFO ][Thread-0  ][tocols.modbus.rtu.master.ModbusSlaveRead] - ModbusSlaveRead "modbus_in:slave1_1" sending request
2015-05-21 14:04:37,664 [INFO ][Thread-0  ][tocols.modbus.rtu.master.ModbusSlaveRead] - ModbusSlaveRead "modbus_in:slave1_2" sending request
2015-05-21 14:04:37,794 [INFO ][Thread-0  ][tocols.modbus.rtu.master.ModbusSlaveRead] - ModbusSlaveRead "modbus_in:slave1_1" sending request
2015-05-21 14:04:37,941 [INFO ][Thread-0  ][tocols.modbus.rtu.master.ModbusSlaveRead] - ModbusSlaveRead "modbus_in:slave1_2" sending request
2015-05-21 14:04:38,070 [INFO ][Thread-0  ][tocols.modbus.rtu.master.ModbusSlaveRead] - ModbusSlaveRead "modbus_in:slave1_1" sending request
2015-05-21 14:04:38,197 [INFO ][Thread-0  ][tocols.modbus.rtu.master.ModbusSlaveRead] - ModbusSlaveRead "modbus_in:slave1_2" sending request
2015-05-21 14:04:38,326 [INFO ][Thread-0  ][tocols.modbus.rtu.master.ModbusSlaveRead] - ModbusSlaveRead "modbus_in:slave1_1" sending request
2015-05-21 14:04:38,453 [INFO ][Thread-0  ][tocols.modbus.rtu.master.ModbusSlaveRead] - ModbusSlaveRead "modbus_in:slave1_2" sending request
2015-05-21 14:04:38,582 [INFO ][Thread-0  ][tocols.modbus.rtu.master.ModbusSlaveRead] - ModbusSlaveRead "modbus_in:slave1_1" sending request
2015-05-21 14:04:38,708 [INFO ][Thread-0  ][tocols.modbus.rtu.master.ModbusSlaveRead] - ModbusSlaveRead "modbus_in:slave1_2" sending request
2015-05-21 14:04:38,837 [INFO ][Thread-0  ][tocols.modbus.rtu.master.ModbusSlaveRead] - ModbusSlaveRead "modbus_in:slave1_1" sending request
2015-05-21 14:04:38,963 [INFO ][Thread-0  ][tocols.modbus.rtu.master.ModbusSlaveRead] - ModbusSlaveRead "modbus_in:slave1_2" sending request
2015-05-21 14:04:39,091 [INFO ][Thread-0  ][tocols.modbus.rtu.master.ModbusSlaveRead] - ModbusSlaveRead "modbus_in:slave1_1" sending request
2015-05-21 14:04:39,218 [INFO ][Thread-0  ][tocols.modbus.rtu.master.ModbusSlaveRead] - ModbusSlaveRead "modbus_in:slave1_2" sending request
2015-05-21 14:04:39,346 [INFO ][Thread-0  ][tocols.modbus.rtu.master.ModbusSlaveRead] - ModbusSlaveRead "modbus_in:slave1_1" sending request
2015-05-21 14:04:39,471 [INFO ][Thread-0  ][tocols.modbus.rtu.master.ModbusSlaveRead] - ModbusSlaveRead "modbus_in:slave1_2" sending request
2015-05-21 14:04:39,601 [INFO ][Thread-0  ][tocols.modbus.rtu.master.ModbusSlaveRead] - ModbusSlaveRead "modbus_in:slave1_1" sending request
2015-05-21 14:04:39,727 [INFO ][Thread-0  ][tocols.modbus.rtu.master.ModbusSlaveRead] - ModbusSlaveRead "modbus_in:slave1_2" sending request
2015-05-21 14:04:39,855 [INFO ][Thread-0  ][tocols.modbus.rtu.master.ModbusSlaveRead] - ModbusSlaveRead "modbus_in:slave1_1" sending request
2015-05-21 14:04:39,980 [INFO ][Thread-0  ][tocols.modbus.rtu.master.ModbusSlaveRead] - ModbusSlaveRead "modbus_in:slave1_2" sending request
2015-05-21 14:04:40,108 [INFO ][Thread-0  ][tocols.modbus.rtu.master.ModbusSlaveRead] - ModbusSlaveRead "modbus_in:slave1_1" sending request
2015-05-21 14:04:40,233 [INFO ][Thread-0  ][tocols.modbus.rtu.master.ModbusSlaveRead] - ModbusSlaveRead "modbus_in:slave1_2" sending request
2015-05-21 14:04:40,362 [INFO ][Thread-0  ][tocols.modbus.rtu.master.ModbusSlaveRead] - ModbusSlaveRead "modbus_in:slave1_1" sending request
2015-05-21 14:04:40,489 [INFO ][Thread-0  ][tocols.modbus.rtu.master.ModbusSlaveRead] - ModbusSlaveRead "modbus_in:slave1_2" sending request
2015-05-21 14:04:40,617 [INFO ][Thread-0  ][tocols.modbus.rtu.master.ModbusSlaveRead] - ModbusSlaveRead "modbus_in:slave1_1" sending request
2015-05-21 14:04:40,742 [INFO ][Thread-0  ][tocols.modbus.rtu.master.ModbusSlaveRead] - ModbusSlaveRead "modbus_in:slave1_2" sending request
2015-05-21 14:04:40,871 [INFO ][Thread-0  ][tocols.modbus.rtu.master.ModbusSlaveRead] - ModbusSlaveRead "modbus_in:slave1_1" sending request
2015-05-21 14:04:40,997 [INFO ][Thread-0  ][tocols.modbus.rtu.master.ModbusSlaveRead] - ModbusSlaveRead "modbus_in:slave1_2" sending request
2015-05-21 14:04:41,126 [INFO ][Thread-0  ][tocols.modbus.rtu.master.ModbusSlaveRead] - ModbusSlaveRead "modbus_in:slave1_1" sending request
2015-05-21 14:04:41,880 [INFO ][Thread-0  ][tocols.modbus.rtu.master.ModbusSlaveRead] - ModbusSlaveRead "modbus_in:slave1_2" sending request
2015-05-21 14:04:42,633 [INFO ][Thread-0  ][tocols.modbus.rtu.master.ModbusSlaveRead] - ModbusSlaveRead "modbus_in:slave1_1" sending request
2015-05-21 14:04:43,787 [INFO ][Thread-0  ][tocols.modbus.rtu.master.ModbusSlaveRead] - ModbusSlaveRead "modbus_in:slave1_2" sending request
2015-05-21 14:04:44,942 [INFO ][Thread-0  ][tocols.modbus.rtu.master.ModbusSlaveRead] - ModbusSlaveRead "modbus_in:slave1_1" sending request
2015-05-21 14:04:46,095 [INFO ][Thread-0  ][tocols.modbus.rtu.master.ModbusSlaveRead] - ModbusSlaveRead "modbus_in:slave1_2" sending request
2015-05-21 14:04:47,251 [INFO ][Thread-0  ][tocols.modbus.rtu.master.ModbusSlaveRead] - ModbusSlaveRead "modbus_in:slave1_1" sending request
2015-05-21 14:04:48,607 [INFO ][Thread-0  ][tocols.modbus.rtu.master.ModbusSlaveRead] - ModbusSlaveRead "modbus_in:slave1_2" sending request
2015-05-21 14:04:49,159 [INFO ][Thread-0  ][tocols.modbus.rtu.master.ModbusSlaveRead] - ModbusSlaveRead "modbus_in:slave1_1" sending request
2015-05-21 14:04:49,285 [INFO ][Thread-0  ][tocols.modbus.rtu.master.ModbusSlaveRead] - ModbusSlaveRead "modbus_in:slave1_2" sending request
2015-05-21 14:04:49,414 [INFO ][Thread-0  ][tocols.modbus.rtu.master.ModbusSlaveRead] - ModbusSlaveRead "modbus_in:slave1_1" sending request
2015-05-21 14:04:49,540 [INFO ][Thread-0  ][tocols.modbus.rtu.master.ModbusSlaveRead] - ModbusSlaveRead "modbus_in:slave1_2" sending request
2015-05-21 14:04:49,669 [INFO ][Thread-0  ][tocols.modbus.rtu.master.ModbusSlaveRead] - ModbusSlaveRead "modbus_in:slave1_1" sending request
2015-05-21 14:04:49,796 [INFO ][Thread-0  ][tocols.modbus.rtu.master.ModbusSlaveRead] - ModbusSlaveRead "modbus_in:slave1_2" sending request
2015-05-21 14:04:49,924 [INFO ][Thread-0  ][tocols.modbus.rtu.master.ModbusSlaveRead] - ModbusSlaveRead "modbus_in:slave1_1" sending request
2015-05-21 14:04:50,051 [INFO ][Thread-0  ][tocols.modbus.rtu.master.ModbusSlaveRead] - ModbusSlaveRead "modbus_in:slave1_2" sending request
2015-05-21 14:04:50,180 [INFO ][Thread-0  ][tocols.modbus.rtu.master.ModbusSlaveRead] - ModbusSlaveRead "modbus_in:slave1_1" sending request
2015-05-21 14:04:50,307 [INFO ][Thread-0  ][tocols.modbus.rtu.master.ModbusSlaveRead] - ModbusSlaveRead "modbus_in:slave1_2" sending request
2015-05-21 14:04:50,436 [INFO ][Thread-0  ][tocols.modbus.rtu.master.ModbusSlaveRead] - ModbusSlaveRead "modbus_in:slave1_1" sending request
2015-05-21 14:04:50,563 [INFO ][Thread-0  ][tocols.modbus.rtu.master.ModbusSlaveRead] - ModbusSlaveRead "modbus_in:slave1_2" sending request
2015-05-21 14:04:50,692 [INFO ][Thread-0  ][tocols.modbus.rtu.master.ModbusSlaveRead] - ModbusSlaveRead "modbus_in:slave1_1" sending request
2015-05-21 14:04:50,819 [INFO ][Thread-0  ][tocols.modbus.rtu.master.ModbusSlaveRead] - ModbusSlaveRead "modbus_in:slave1_2" sending request
2015-05-21 14:04:50,950 [INFO ][Thread-0  ][tocols.modbus.rtu.master.ModbusSlaveRead] - ModbusSlaveRead "modbus_in:slave1_1" sending request
2015-05-21 14:04:51,078 [INFO ][Thread-0  ][tocols.modbus.rtu.master.ModbusSlaveRead] - ModbusSlaveRead "modbus_in:slave1_2" sending request
2015-05-21 14:04:51,207 [INFO ][Thread-0  ][tocols.modbus.rtu.master.ModbusSlaveRead] - ModbusSlaveRead "modbus_in:slave1_1" sending request
2015-05-21 14:04:51,334 [INFO ][Thread-0  ][tocols.modbus.rtu.master.ModbusSlaveRead] - ModbusSlaveRead "modbus_in:slave1_2" sending request
2015-05-21 14:04:51,463 [INFO ][Thread-0  ][tocols.modbus.rtu.master.ModbusSlaveRead] - ModbusSlaveRead "modbus_in:slave1_1" sending request
2015-05-21 14:04:51,590 [INFO ][Thread-0  ][tocols.modbus.rtu.master.ModbusSlaveRead] - ModbusSlaveRead "modbus_in:slave1_2" sending request
2015-05-21 14:04:51,720 [INFO ][Thread-0  ][tocols.modbus.rtu.master.ModbusSlaveRead] - ModbusSlaveRead "modbus_in:slave1_1" sending request
2015-05-21 14:04:51,847 [INFO ][Thread-0  ][tocols.modbus.rtu.master.ModbusSlaveRead] - ModbusSlaveRead "modbus_in:slave1_2" sending request
2015-05-21 14:04:51,977 [INFO ][Thread-0  ][tocols.modbus.rtu.master.ModbusSlaveRead] - ModbusSlaveRead "modbus_in:slave1_1" sending request
2015-05-21 14:04:52,104 [INFO ][Thread-0  ][tocols.modbus.rtu.master.ModbusSlaveRead] - ModbusSlaveRead "modbus_in:slave1_2" sending request
2015-05-21 14:08:31,194 [DEBUG][main      ][protocols.modbus.rtu.master.ModbusMaster] - Modbus master initialize.
2015-05-21 14:08:31,208 [DEBUG][main      ][protocols.modbus.rtu.master.ModbusMaster] - ModbusSlave add: modbus_in:slave1_1
2015-05-21 14:08:31,208 [DEBUG][main      ][protocols.modbus.rtu.master.ModbusMaster] - ModbusSlave add: modbus_in:slave1_2
2015-05-21 14:08:31,506 [INFO ][Thread-0  ][protocols.modbus.rtu.master.ModbusMaster] - ModbusMaster "modbus_in" open Com-port connection
2015-05-21 14:08:31,507 [INFO ][Thread-0  ][tocols.modbus.rtu.master.ModbusSlaveRead] - ModbusSlaveRead "modbus_in:slave1_1" sending request
2015-05-21 14:08:31,739 [INFO ][Thread-0  ][tocols.modbus.rtu.master.ModbusSlaveRead] - ModbusSlaveRead "modbus_in:slave1_2" sending request
2015-05-21 14:08:31,880 [INFO ][Thread-0  ][tocols.modbus.rtu.master.ModbusSlaveRead] - ModbusSlaveRead "modbus_in:slave1_1" sending request
2015-05-21 14:08:32,007 [INFO ][Thread-0  ][tocols.modbus.rtu.master.ModbusSlaveRead] - ModbusSlaveRead "modbus_in:slave1_2" sending request
2015-05-21 14:08:32,136 [INFO ][Thread-0  ][tocols.modbus.rtu.master.ModbusSlaveRead] - ModbusSlaveRead "modbus_in:slave1_1" sending request
2015-05-21 14:08:32,268 [INFO ][Thread-0  ][tocols.modbus.rtu.master.ModbusSlaveRead] - ModbusSlaveRead "modbus_in:slave1_2" sending request
2015-05-21 14:08:32,397 [INFO ][Thread-0  ][tocols.modbus.rtu.master.ModbusSlaveRead] - ModbusSlaveRead "modbus_in:slave1_1" sending request
2015-05-21 14:08:32,523 [INFO ][Thread-0  ][tocols.modbus.rtu.master.ModbusSlaveRead] - ModbusSlaveRead "modbus_in:slave1_2" sending request
2015-05-21 14:08:32,652 [INFO ][Thread-0  ][tocols.modbus.rtu.master.ModbusSlaveRead] - ModbusSlaveRead "modbus_in:slave1_1" sending request
2015-05-21 14:08:32,778 [INFO ][Thread-0  ][tocols.modbus.rtu.master.ModbusSlaveRead] - ModbusSlaveRead "modbus_in:slave1_2" sending request
2015-05-21 14:08:32,907 [INFO ][Thread-0  ][tocols.modbus.rtu.master.ModbusSlaveRead] - ModbusSlaveRead "modbus_in:slave1_1" sending request
2015-05-21 14:08:33,033 [INFO ][Thread-0  ][tocols.modbus.rtu.master.ModbusSlaveRead] - ModbusSlaveRead "modbus_in:slave1_2" sending request
2015-05-21 14:08:33,162 [INFO ][Thread-0  ][tocols.modbus.rtu.master.ModbusSlaveRead] - ModbusSlaveRead "modbus_in:slave1_1" sending request
2015-05-21 14:10:59,149 [DEBUG][main      ][protocols.modbus.rtu.master.ModbusMaster] - Modbus master initialize.
2015-05-21 14:10:59,164 [DEBUG][main      ][protocols.modbus.rtu.master.ModbusMaster] - ModbusSlave add: modbus_in:slave1_1
2015-05-21 14:10:59,164 [DEBUG][main      ][protocols.modbus.rtu.master.ModbusMaster] - ModbusSlave add: modbus_in:slave1_2
2015-05-21 14:10:59,435 [INFO ][Thread-0  ][protocols.modbus.rtu.master.ModbusMaster] - ModbusMaster "modbus_in" open Com-port connection
2015-05-21 14:10:59,435 [INFO ][Thread-0  ][tocols.modbus.rtu.master.ModbusSlaveRead] - ModbusSlaveRead "modbus_in:slave1_1" sending request
2015-05-21 14:10:59,670 [INFO ][Thread-0  ][tocols.modbus.rtu.master.ModbusSlaveRead] - ModbusSlaveRead "modbus_in:slave1_2" sending request
2015-05-21 14:10:59,808 [INFO ][Thread-0  ][tocols.modbus.rtu.master.ModbusSlaveRead] - ModbusSlaveRead "modbus_in:slave1_1" sending request
2015-05-21 14:10:59,937 [INFO ][Thread-0  ][tocols.modbus.rtu.master.ModbusSlaveRead] - ModbusSlaveRead "modbus_in:slave1_2" sending request
2015-05-21 14:11:00,066 [INFO ][Thread-0  ][tocols.modbus.rtu.master.ModbusSlaveRead] - ModbusSlaveRead "modbus_in:slave1_1" sending request
2015-05-21 14:11:00,201 [INFO ][Thread-0  ][tocols.modbus.rtu.master.ModbusSlaveRead] - ModbusSlaveRead "modbus_in:slave1_2" sending request
2015-05-21 14:11:00,329 [INFO ][Thread-0  ][tocols.modbus.rtu.master.ModbusSlaveRead] - ModbusSlaveRead "modbus_in:slave1_1" sending request
2015-05-21 14:11:00,454 [INFO ][Thread-0  ][tocols.modbus.rtu.master.ModbusSlaveRead] - ModbusSlaveRead "modbus_in:slave1_2" sending request
2015-05-21 14:11:00,583 [INFO ][Thread-0  ][tocols.modbus.rtu.master.ModbusSlaveRead] - ModbusSlaveRead "modbus_in:slave1_1" sending request
2015-05-21 14:11:00,708 [INFO ][Thread-0  ][tocols.modbus.rtu.master.ModbusSlaveRead] - ModbusSlaveRead "modbus_in:slave1_2" sending request
2015-05-21 14:11:00,837 [INFO ][Thread-0  ][tocols.modbus.rtu.master.ModbusSlaveRead] - ModbusSlaveRead "modbus_in:slave1_1" sending request
2015-05-21 14:11:00,963 [INFO ][Thread-0  ][tocols.modbus.rtu.master.ModbusSlaveRead] - ModbusSlaveRead "modbus_in:slave1_2" sending request
2015-05-21 14:11:01,092 [INFO ][Thread-0  ][tocols.modbus.rtu.master.ModbusSlaveRead] - ModbusSlaveRead "modbus_in:slave1_1" sending request
2015-05-21 14:11:01,220 [INFO ][Thread-0  ][tocols.modbus.rtu.master.ModbusSlaveRead] - ModbusSlaveRead "modbus_in:slave1_2" sending request
2015-05-21 14:11:01,349 [INFO ][Thread-0  ][tocols.modbus.rtu.master.ModbusSlaveRead] - ModbusSlaveRead "modbus_in:slave1_1" sending request
2015-05-21 14:11:01,476 [INFO ][Thread-0  ][tocols.modbus.rtu.master.ModbusSlaveRead] - ModbusSlaveRead "modbus_in:slave1_2" sending request
2015-05-21 14:11:01,606 [INFO ][Thread-0  ][tocols.modbus.rtu.master.ModbusSlaveRead] - ModbusSlaveRead "modbus_in:slave1_1" sending request
2015-05-21 14:11:01,732 [INFO ][Thread-0  ][tocols.modbus.rtu.master.ModbusSlaveRead] - ModbusSlaveRead "modbus_in:slave1_2" sending request
2015-05-21 14:11:01,861 [INFO ][Thread-0  ][tocols.modbus.rtu.master.ModbusSlaveRead] - ModbusSlaveRead "modbus_in:slave1_1" sending request
2015-05-21 14:11:01,987 [INFO ][Thread-0  ][tocols.modbus.rtu.master.ModbusSlaveRead] - ModbusSlaveRead "modbus_in:slave1_2" sending request
2015-05-21 14:11:02,116 [INFO ][Thread-0  ][tocols.modbus.rtu.master.ModbusSlaveRead] - ModbusSlaveRead "modbus_in:slave1_1" sending request
2015-05-21 14:11:02,243 [INFO ][Thread-0  ][tocols.modbus.rtu.master.ModbusSlaveRead] - ModbusSlaveRead "modbus_in:slave1_2" sending request
2015-05-21 14:11:02,372 [INFO ][Thread-0  ][tocols.modbus.rtu.master.ModbusSlaveRead] - ModbusSlaveRead "modbus_in:slave1_1" sending request
2015-05-21 14:11:02,498 [INFO ][Thread-0  ][tocols.modbus.rtu.master.ModbusSlaveRead] - ModbusSlaveRead "modbus_in:slave1_2" sending request
2015-05-21 14:11:02,627 [INFO ][Thread-0  ][tocols.modbus.rtu.master.ModbusSlaveRead] - ModbusSlaveRead "modbus_in:slave1_1" sending request
2015-05-21 14:11:02,753 [INFO ][Thread-0  ][tocols.modbus.rtu.master.ModbusSlaveRead] - ModbusSlaveRead "modbus_in:slave1_2" sending request
2015-05-21 14:11:02,882 [INFO ][Thread-0  ][tocols.modbus.rtu.master.ModbusSlaveRead] - ModbusSlaveRead "modbus_in:slave1_1" sending request
2015-05-21 14:11:03,023 [INFO ][Thread-0  ][tocols.modbus.rtu.master.ModbusSlaveRead] - ModbusSlaveRead "modbus_in:slave1_2" sending request
2015-05-21 14:11:03,152 [INFO ][Thread-0  ][tocols.modbus.rtu.master.ModbusSlaveRead] - ModbusSlaveRead "modbus_in:slave1_1" sending request
2015-05-21 14:11:03,279 [INFO ][Thread-0  ][tocols.modbus.rtu.master.ModbusSlaveRead] - ModbusSlaveRead "modbus_in:slave1_2" sending request
2015-05-21 14:11:03,408 [INFO ][Thread-0  ][tocols.modbus.rtu.master.ModbusSlaveRead] - ModbusSlaveRead "modbus_in:slave1_1" sending request
2015-05-21 14:11:03,536 [INFO ][Thread-0  ][tocols.modbus.rtu.master.ModbusSlaveRead] - ModbusSlaveRead "modbus_in:slave1_2" sending request
2015-05-21 14:11:03,665 [INFO ][Thread-0  ][tocols.modbus.rtu.master.ModbusSlaveRead] - ModbusSlaveRead "modbus_in:slave1_1" sending request
2015-05-21 14:11:03,792 [INFO ][Thread-0  ][tocols.modbus.rtu.master.ModbusSlaveRead] - ModbusSlaveRead "modbus_in:slave1_2" sending request
2015-05-21 14:11:03,923 [INFO ][Thread-0  ][tocols.modbus.rtu.master.ModbusSlaveRead] - ModbusSlaveRead "modbus_in:slave1_1" sending request
2015-05-21 14:11:04,050 [INFO ][Thread-0  ][tocols.modbus.rtu.master.ModbusSlaveRead] - ModbusSlaveRead "modbus_in:slave1_2" sending request
2015-05-21 14:11:04,180 [INFO ][Thread-0  ][tocols.modbus.rtu.master.ModbusSlaveRead] - ModbusSlaveRead "modbus_in:slave1_1" sending request
2015-05-21 14:11:04,307 [INFO ][Thread-0  ][tocols.modbus.rtu.master.ModbusSlaveRead] - ModbusSlaveRead "modbus_in:slave1_2" sending request
2015-05-21 14:11:04,435 [INFO ][Thread-0  ][tocols.modbus.rtu.master.ModbusSlaveRead] - ModbusSlaveRead "modbus_in:slave1_1" sending request
2015-05-21 14:11:04,562 [INFO ][Thread-0  ][tocols.modbus.rtu.master.ModbusSlaveRead] - ModbusSlaveRead "modbus_in:slave1_2" sending request
2015-05-21 14:11:04,691 [INFO ][Thread-0  ][tocols.modbus.rtu.master.ModbusSlaveRead] - ModbusSlaveRead "modbus_in:slave1_1" sending request
2015-05-21 14:11:04,818 [INFO ][Thread-0  ][tocols.modbus.rtu.master.ModbusSlaveRead] - ModbusSlaveRead "modbus_in:slave1_2" sending request
2015-05-21 14:11:04,947 [INFO ][Thread-0  ][tocols.modbus.rtu.master.ModbusSlaveRead] - ModbusSlaveRead "modbus_in:slave1_1" sending request
2015-05-21 14:11:05,073 [INFO ][Thread-0  ][tocols.modbus.rtu.master.ModbusSlaveRead] - ModbusSlaveRead "modbus_in:slave1_2" sending request
2015-05-21 14:11:05,202 [INFO ][Thread-0  ][tocols.modbus.rtu.master.ModbusSlaveRead] - ModbusSlaveRead "modbus_in:slave1_1" sending request
2015-05-21 14:11:05,955 [ERROR][Thread-0  ][protocols.modbus.rtu.master.ModbusMaster] - ModbusSlaveRead "modbus_in:slave1_1" I/O exception - failed to read
2015-05-21 14:11:05,955 [INFO ][Thread-0  ][tocols.modbus.rtu.master.ModbusSlaveRead] - ModbusSlaveRead "modbus_in:slave1_2" sending request
2015-05-21 14:11:06,708 [ERROR][Thread-0  ][protocols.modbus.rtu.master.ModbusMaster] - ModbusSlaveRead "modbus_in:slave1_2" I/O exception - failed to read
2015-05-21 14:11:06,708 [INFO ][Thread-0  ][tocols.modbus.rtu.master.ModbusSlaveRead] - ModbusSlaveRead "modbus_in:slave1_1" sending request
2015-05-21 14:11:07,861 [ERROR][Thread-0  ][protocols.modbus.rtu.master.ModbusMaster] - ModbusSlaveRead "modbus_in:slave1_1" I/O exception - failed to read
2015-05-21 14:11:07,862 [INFO ][Thread-0  ][tocols.modbus.rtu.master.ModbusSlaveRead] - ModbusSlaveRead "modbus_in:slave1_2" sending request
2015-05-21 14:11:09,015 [ERROR][Thread-0  ][protocols.modbus.rtu.master.ModbusMaster] - ModbusSlaveRead "modbus_in:slave1_2" I/O exception - failed to read
2015-05-21 14:11:09,015 [INFO ][Thread-0  ][tocols.modbus.rtu.master.ModbusSlaveRead] - ModbusSlaveRead "modbus_in:slave1_1" sending request
2015-05-21 14:11:09,968 [ERROR][Thread-0  ][protocols.modbus.rtu.master.ModbusMaster] - ModbusSlaveRead "modbus_in:slave1_1" I/O exception - failed to read
2015-05-21 14:11:09,968 [INFO ][Thread-0  ][tocols.modbus.rtu.master.ModbusSlaveRead] - ModbusSlaveRead "modbus_in:slave1_2" sending request
2015-05-21 14:11:11,121 [ERROR][Thread-0  ][protocols.modbus.rtu.master.ModbusMaster] - ModbusSlaveRead "modbus_in:slave1_2" I/O exception - failed to read
2015-05-21 14:11:11,121 [INFO ][Thread-0  ][tocols.modbus.rtu.master.ModbusSlaveRead] - ModbusSlaveRead "modbus_in:slave1_1" sending request
2015-05-21 14:11:12,277 [ERROR][Thread-0  ][protocols.modbus.rtu.master.ModbusMaster] - ModbusSlaveRead "modbus_in:slave1_1" I/O exception - failed to read
2015-05-21 14:11:12,277 [INFO ][Thread-0  ][tocols.modbus.rtu.master.ModbusSlaveRead] - ModbusSlaveRead "modbus_in:slave1_2" sending request
2015-05-21 14:11:13,633 [ERROR][Thread-0  ][protocols.modbus.rtu.master.ModbusMaster] - ModbusSlaveRead "modbus_in:slave1_2" I/O exception - failed to read
2015-05-21 14:11:13,633 [INFO ][Thread-0  ][tocols.modbus.rtu.master.ModbusSlaveRead] - ModbusSlaveRead "modbus_in:slave1_1" sending request
2015-05-21 14:11:14,789 [ERROR][Thread-0  ][protocols.modbus.rtu.master.ModbusMaster] - ModbusSlaveRead "modbus_in:slave1_1" I/O exception - failed to read
2015-05-21 14:11:14,790 [INFO ][Thread-0  ][tocols.modbus.rtu.master.ModbusSlaveRead] - ModbusSlaveRead "modbus_in:slave1_2" sending request
2015-05-21 14:11:15,546 [ERROR][Thread-0  ][protocols.modbus.rtu.master.ModbusMaster] - ModbusSlaveRead "modbus_in:slave1_2" I/O exception - failed to read
2015-05-21 14:11:15,546 [INFO ][Thread-0  ][tocols.modbus.rtu.master.ModbusSlaveRead] - ModbusSlaveRead "modbus_in:slave1_1" sending request
2015-05-21 14:11:16,303 [ERROR][Thread-0  ][protocols.modbus.rtu.master.ModbusMaster] - ModbusSlaveRead "modbus_in:slave1_1" I/O exception - failed to read
2015-05-21 14:11:16,303 [INFO ][Thread-0  ][tocols.modbus.rtu.master.ModbusSlaveRead] - ModbusSlaveRead "modbus_in:slave1_2" sending request
2015-05-21 14:11:17,659 [ERROR][Thread-0  ][protocols.modbus.rtu.master.ModbusMaster] - ModbusSlaveRead "modbus_in:slave1_2" I/O exception - failed to read
2015-05-21 14:11:17,659 [INFO ][Thread-0  ][tocols.modbus.rtu.master.ModbusSlaveRead] - ModbusSlaveRead "modbus_in:slave1_1" sending request
2015-05-21 14:11:18,815 [ERROR][Thread-0  ][protocols.modbus.rtu.master.ModbusMaster] - ModbusSlaveRead "modbus_in:slave1_1" I/O exception - failed to read
2015-05-21 14:11:18,815 [INFO ][Thread-0  ][tocols.modbus.rtu.master.ModbusSlaveRead] - ModbusSlaveRead "modbus_in:slave1_2" sending request
2015-05-21 14:11:20,171 [ERROR][Thread-0  ][protocols.modbus.rtu.master.ModbusMaster] - ModbusSlaveRead "modbus_in:slave1_2" I/O exception - failed to read
2015-05-21 14:11:20,171 [INFO ][Thread-0  ][tocols.modbus.rtu.master.ModbusSlaveRead] - ModbusSlaveRead "modbus_in:slave1_1" sending request
2015-05-21 14:11:21,527 [ERROR][Thread-0  ][protocols.modbus.rtu.master.ModbusMaster] - ModbusSlaveRead "modbus_in:slave1_1" I/O exception - failed to read
2015-05-21 14:11:21,527 [INFO ][Thread-0  ][tocols.modbus.rtu.master.ModbusSlaveRead] - ModbusSlaveRead "modbus_in:slave1_2" sending request
2015-05-21 14:11:22,481 [ERROR][Thread-0  ][protocols.modbus.rtu.master.ModbusMaster] - ModbusSlaveRead "modbus_in:slave1_2" I/O exception - failed to read
2015-05-21 14:11:22,481 [INFO ][Thread-0  ][tocols.modbus.rtu.master.ModbusSlaveRead] - ModbusSlaveRead "modbus_in:slave1_1" sending request
2015-05-21 14:11:23,836 [ERROR][Thread-0  ][protocols.modbus.rtu.master.ModbusMaster] - ModbusSlaveRead "modbus_in:slave1_1" I/O exception - failed to read
2015-05-21 14:11:23,836 [INFO ][Thread-0  ][tocols.modbus.rtu.master.ModbusSlaveRead] - ModbusSlaveRead "modbus_in:slave1_2" sending request
2015-05-21 14:11:24,990 [ERROR][Thread-0  ][protocols.modbus.rtu.master.ModbusMaster] - ModbusSlaveRead "modbus_in:slave1_2" I/O exception - failed to read
2015-05-21 14:11:24,991 [INFO ][Thread-0  ][tocols.modbus.rtu.master.ModbusSlaveRead] - ModbusSlaveRead "modbus_in:slave1_1" sending request
2015-05-21 14:11:26,144 [ERROR][Thread-0  ][protocols.modbus.rtu.master.ModbusMaster] - ModbusSlaveRead "modbus_in:slave1_1" I/O exception - failed to read
2015-05-21 14:11:26,144 [INFO ][Thread-0  ][tocols.modbus.rtu.master.ModbusSlaveRead] - ModbusSlaveRead "modbus_in:slave1_2" sending request
